OpenROAD 41a51eaf4ca2171c92ff38afb91eb37bbd3f36da 
This program is licensed under the BSD-3 license. See the LICENSE file for details.
Components of this program may be licensed under more restrictive licenses which must be honored.
[INFO ODB-0222] Reading LEF file: /openlane/designs/design_mux/runs/RUN_2026.07.05_03.37.10/tmp/merged.nom.lef
[INFO ODB-0223]     Created 14 technology layers
[INFO ODB-0224]     Created 25 technology vias
[INFO ODB-0225]     Created 442 library cells
[INFO ODB-0226] Finished LEF file:  /openlane/designs/design_mux/runs/RUN_2026.07.05_03.37.10/tmp/merged.nom.lef
[INFO ODB-0127] Reading DEF file: /openlane/designs/design_mux/runs/RUN_2026.07.05_03.37.10/results/routing/design_mux.def
[INFO ODB-0128] Design: design_mux
[INFO ODB-0130]     Created 15 pins.
[INFO ODB-0131]     Created 919 components and 4494 component-terminals.
[INFO ODB-0132]     Created 4 special nets and 3494 connections.
[INFO ODB-0133]     Created 319 nets and 998 connections.
[INFO ODB-0134] Finished DEF file: /openlane/designs/design_mux/runs/RUN_2026.07.05_03.37.10/results/routing/design_mux.def
Top-level design name: design_mux
Found default power net 'VPWR'
Found default ground net 'VGND'
Found 2 power ports.
Found 2 ground ports.
Modified power connections of 919/919 cells.
