OpenROAD 41a51eaf4ca2171c92ff38afb91eb37bbd3f36da 
This program is licensed under the BSD-3 license. See the LICENSE file for details.
Components of this program may be licensed under more restrictive licenses which must be honored.
[INFO ODB-0222] Reading LEF file: /openlane/designs/design_mux/runs/RUN_2026.07.05_03.37.10/tmp/merged.nom.lef
[INFO ODB-0223]     Created 14 technology layers
[INFO ODB-0224]     Created 25 technology vias
[INFO ODB-0225]     Created 442 library cells
[INFO ODB-0226] Finished LEF file:  /openlane/designs/design_mux/runs/RUN_2026.07.05_03.37.10/tmp/merged.nom.lef
[INFO ODB-0127] Reading DEF file: /openlane/designs/design_mux/runs/RUN_2026.07.05_03.37.10/tmp/signoff/26-design_mux.p.def
[INFO ODB-0128] Design: design_mux
[INFO ODB-0130]     Created 15 pins.
[INFO ODB-0131]     Created 919 components and 4494 component-terminals.
[INFO ODB-0132]     Created 4 special nets and 3494 connections.
[INFO ODB-0133]     Created 321 nets and 1000 connections.
[INFO ODB-0134] Finished DEF file: /openlane/designs/design_mux/runs/RUN_2026.07.05_03.37.10/tmp/signoff/26-design_mux.p.def
define_corners Typical
read_liberty -corner Typical /home/indhu/Desktop/mixed_signal_VLSI/pdks/sky130A/libs.ref/sky130_fd_sc_hd/lib/sky130_fd_sc_hd__tt_025C_1v80.lib
read_liberty -corner Typical /openlane/designs/design_mux/lib/AMUX2_3V.lib
Using 1e-12 for capacitance...
Using 1e+03 for resistance...
Using 1e-09 for time...
Using 1e+00 for voltage...
Using 1e-03 for current...
Using 1e-09 for power...
Using 1e-06 for distance...
Reading design constraints file at '/openlane/designs/design_mux/runs/RUN_2026.07.05_03.37.10/tmp/17-design_mux.sdc'…
[WARNING] Did not save OpenROAD database!
Writing netlist to '/openlane/designs/design_mux/runs/RUN_2026.07.05_03.37.10/tmp/signoff/26-design_mux.nl.v'…
Writing powered netlist to '/openlane/designs/design_mux/runs/RUN_2026.07.05_03.37.10/tmp/signoff/26-design_mux.pnl.v'…
