
 /----------------------------------------------------------------------------\
 |                                                                            |
 |  yosys -- Yosys Open SYnthesis Suite                                       |
 |                                                                            |
 |  Copyright (C) 2012 - 2020  Claire Xenia Wolf <claire@yosyshq.com>         |
 |                                                                            |
 |  Permission to use, copy, modify, and/or distribute this software for any  |
 |  purpose with or without fee is hereby granted, provided that the above    |
 |  copyright notice and this permission notice appear in all copies.         |
 |                                                                            |
 |  THE SOFTWARE IS PROVIDED "AS IS" AND THE AUTHOR DISCLAIMS ALL WARRANTIES  |
 |  WITH REGARD TO THIS SOFTWARE INCLUDING ALL IMPLIED WARRANTIES OF          |
 |  MERCHANTABILITY AND FITNESS. IN NO EVENT SHALL THE AUTHOR BE LIABLE FOR   |
 |  ANY SPECIAL, DIRECT, INDIRECT, OR CONSEQUENTIAL DAMAGES OR ANY DAMAGES    |
 |  WHATSOEVER RESULTING FROM LOSS OF USE, DATA OR PROFITS, WHETHER IN AN     |
 |  ACTION OF CONTRACT, NEGLIGENCE OR OTHER TORTIOUS ACTION, ARISING OUT OF   |
 |  OR IN CONNECTION WITH THE USE OR PERFORMANCE OF THIS SOFTWARE.            |
 |                                                                            |
 \----------------------------------------------------------------------------/

 Yosys 0.30+48 (git sha1 14d50a176d5, gcc 8.3.1 -fPIC -Os)

[TCL: yosys -import] Command name collision: found pre-existing command `cd' -> skip.
[TCL: yosys -import] Command name collision: found pre-existing command `eval' -> skip.
[TCL: yosys -import] Command name collision: found pre-existing command `exec' -> skip.
[TCL: yosys -import] Command name collision: found pre-existing command `read' -> skip.
[TCL: yosys -import] Command name collision: found pre-existing command `trace' -> skip.

1. Executing Liberty frontend: /openlane/designs/design_mux/lib/AMUX2_3V.lib
Imported 1 cell types from liberty file.

2. Executing Verilog-2005 frontend: /openlane/designs/design_mux/src/AMUX2_3V.v
Parsing SystemVerilog input from `/openlane/designs/design_mux/src/AMUX2_3V.v' to AST representation.
Replacing existing blackbox module `\AMUX2_3V' at /openlane/designs/design_mux/src/AMUX2_3V.v:3.1-10.10.
Generating RTLIL representation for module `\AMUX2_3V'.
Successfully finished Verilog frontend.

3. Executing Verilog-2005 frontend: /openlane/designs/design_mux/src/design_mux.v
Parsing SystemVerilog input from `/openlane/designs/design_mux/src/design_mux.v' to AST representation.
Generating RTLIL representation for module `\spi_slave'.
Generating RTLIL representation for module `\raven_spi'.
Generating RTLIL representation for module `\design_mux'.
Successfully finished Verilog frontend.

4. Generating Graphviz representation of design.
Writing dot description to `/openlane/designs/design_mux/runs/RUN_2026.07.05_03.37.10/tmp/synthesis/hierarchy.dot'.
Dumping module design_mux to page 1.

5. Executing HIERARCHY pass (managing design hierarchy).

5.1. Analyzing design hierarchy..
Top module:  \design_mux
Used module:     \raven_spi
Used module:         \spi_slave

5.2. Analyzing design hierarchy..
Top module:  \design_mux
Used module:     \raven_spi
Used module:         \spi_slave
Removed 0 unused modules.

6. Executing TRIBUF pass.

7. Executing HIERARCHY pass (managing design hierarchy).

7.1. Analyzing design hierarchy..
Top module:  \design_mux
Used module:     \raven_spi
Used module:         \spi_slave

7.2. Analyzing design hierarchy..
Top module:  \design_mux
Used module:     \raven_spi
Used module:         \spi_slave
Removed 0 unused modules.

8. Executing PROC_CLEAN pass (remove empty switches from decision trees).
Cleaned up 0 empty switches.

9. Executing PROC_RMDEAD pass (remove dead branches from decision trees).
Marked 1 switch rules as full_case in process $proc$/openlane/designs/design_mux/src/raven_spi.v:88$48 in module raven_spi.
Marked 10 switch rules as full_case in process $proc$/openlane/designs/design_mux/src/spi_slave.v:84$10 in module spi_slave.
Marked 5 switch rules as full_case in process $proc$/openlane/designs/design_mux/src/spi_slave.v:51$3 in module spi_slave.
Removed a total of 0 dead cases.

10. Executing PROC_PRUNE pass (remove redundant assignments in processes).
Removed 1 redundant assignment.
Promoted 0 assignments to connections.

11. Executing PROC_INIT pass (extract init attributes).

12. Executing PROC_ARST pass (detect async resets in processes).
Found async reset \RST in `\raven_spi.$proc$/openlane/designs/design_mux/src/raven_spi.v:88$48'.
Found async reset \CSB in `\spi_slave.$proc$/openlane/designs/design_mux/src/spi_slave.v:84$10'.
Found async reset \CSB in `\spi_slave.$proc$/openlane/designs/design_mux/src/spi_slave.v:51$3'.

13. Executing PROC_ROM pass (convert switches to ROMs).
Converted 0 switches.
<suppressed ~19 debug messages>

14. Executing PROC_MUX pass (convert decision trees to multiplexers).
Creating decoders for process `\raven_spi.$proc$/openlane/designs/design_mux/src/raven_spi.v:88$48'.
     1/9: $0\reset[0:0]
     2/9: $0\irq[0:0]
     3/9: $0\pll_bypass[0:0]
     4/9: $0\pll_trim[3:0]
     5/9: $0\pll_bias_ena[0:0]
     6/9: $0\pll_cp_ena[0:0]
     7/9: $0\pll_vco_ena[0:0]
     8/9: $0\reg_ena[0:0]
     9/9: $0\xtal_ena[0:0]
Creating decoders for process `\spi_slave.$proc$/openlane/designs/design_mux/src/spi_slave.v:84$10'.
     1/8: $0\predata[6:0]
     2/8: $0\fixed[2:0]
     3/8: $0\readmode[0:0]
     4/8: $0\writemode[0:0]
     5/8: $0\count[2:0]
     6/8: $0\state[1:0]
     7/8: $0\addr[7:0]
     8/8: $0\rdstb[0:0]
Creating decoders for process `\spi_slave.$proc$/openlane/designs/design_mux/src/spi_slave.v:51$3'.
     1/3: $0\sdoenb[0:0]
     2/3: $0\ldata[7:0]
     3/3: $0\wrstb[0:0]

15. Executing PROC_DLATCH pass (convert process syncs to latches).

16. Executing PROC_DFF pass (convert process syncs to FFs).
Creating register for signal `\raven_spi.\xtal_ena' using process `\raven_spi.$proc$/openlane/designs/design_mux/src/raven_spi.v:88$48'.
  created $adff cell `$procdff$242' with positive edge clock and positive level reset.
Creating register for signal `\raven_spi.\reg_ena' using process `\raven_spi.$proc$/openlane/designs/design_mux/src/raven_spi.v:88$48'.
  created $adff cell `$procdff$243' with positive edge clock and positive level reset.
Creating register for signal `\raven_spi.\pll_vco_ena' using process `\raven_spi.$proc$/openlane/designs/design_mux/src/raven_spi.v:88$48'.
  created $adff cell `$procdff$244' with positive edge clock and positive level reset.
Creating register for signal `\raven_spi.\pll_cp_ena' using process `\raven_spi.$proc$/openlane/designs/design_mux/src/raven_spi.v:88$48'.
  created $adff cell `$procdff$245' with positive edge clock and positive level reset.
Creating register for signal `\raven_spi.\pll_bias_ena' using process `\raven_spi.$proc$/openlane/designs/design_mux/src/raven_spi.v:88$48'.
  created $adff cell `$procdff$246' with positive edge clock and positive level reset.
Creating register for signal `\raven_spi.\pll_trim' using process `\raven_spi.$proc$/openlane/designs/design_mux/src/raven_spi.v:88$48'.
  created $adff cell `$procdff$247' with positive edge clock and positive level reset.
Creating register for signal `\raven_spi.\pll_bypass' using process `\raven_spi.$proc$/openlane/designs/design_mux/src/raven_spi.v:88$48'.
  created $adff cell `$procdff$248' with positive edge clock and positive level reset.
Creating register for signal `\raven_spi.\irq' using process `\raven_spi.$proc$/openlane/designs/design_mux/src/raven_spi.v:88$48'.
  created $adff cell `$procdff$249' with positive edge clock and positive level reset.
Creating register for signal `\raven_spi.\reset' using process `\raven_spi.$proc$/openlane/designs/design_mux/src/raven_spi.v:88$48'.
  created $adff cell `$procdff$250' with positive edge clock and positive level reset.
Creating register for signal `\spi_slave.\rdstb' using process `\spi_slave.$proc$/openlane/designs/design_mux/src/spi_slave.v:84$10'.
  created $adff cell `$procdff$251' with positive edge clock and positive level reset.
Creating register for signal `\spi_slave.\addr' using process `\spi_slave.$proc$/openlane/designs/design_mux/src/spi_slave.v:84$10'.
  created $adff cell `$procdff$252' with positive edge clock and positive level reset.
Creating register for signal `\spi_slave.\state' using process `\spi_slave.$proc$/openlane/designs/design_mux/src/spi_slave.v:84$10'.
  created $adff cell `$procdff$253' with positive edge clock and positive level reset.
Creating register for signal `\spi_slave.\count' using process `\spi_slave.$proc$/openlane/designs/design_mux/src/spi_slave.v:84$10'.
  created $adff cell `$procdff$254' with positive edge clock and positive level reset.
Creating register for signal `\spi_slave.\writemode' using process `\spi_slave.$proc$/openlane/designs/design_mux/src/spi_slave.v:84$10'.
  created $adff cell `$procdff$255' with positive edge clock and positive level reset.
Creating register for signal `\spi_slave.\readmode' using process `\spi_slave.$proc$/openlane/designs/design_mux/src/spi_slave.v:84$10'.
  created $adff cell `$procdff$256' with positive edge clock and positive level reset.
Creating register for signal `\spi_slave.\fixed' using process `\spi_slave.$proc$/openlane/designs/design_mux/src/spi_slave.v:84$10'.
  created $adff cell `$procdff$257' with positive edge clock and positive level reset.
Creating register for signal `\spi_slave.\predata' using process `\spi_slave.$proc$/openlane/designs/design_mux/src/spi_slave.v:84$10'.
  created $adff cell `$procdff$258' with positive edge clock and positive level reset.
Creating register for signal `\spi_slave.\sdoenb' using process `\spi_slave.$proc$/openlane/designs/design_mux/src/spi_slave.v:51$3'.
  created $adff cell `$procdff$259' with negative edge clock and positive level reset.
Creating register for signal `\spi_slave.\wrstb' using process `\spi_slave.$proc$/openlane/designs/design_mux/src/spi_slave.v:51$3'.
  created $adff cell `$procdff$260' with negative edge clock and positive level reset.
Creating register for signal `\spi_slave.\ldata' using process `\spi_slave.$proc$/openlane/designs/design_mux/src/spi_slave.v:51$3'.
  created $adff cell `$procdff$261' with negative edge clock and positive level reset.

17. Executing PROC_MEMWR pass (convert process memory writes to cells).

18. Executing PROC_CLEAN pass (remove empty switches from decision trees).
Found and cleaned up 2 empty switches in `\raven_spi.$proc$/openlane/designs/design_mux/src/raven_spi.v:88$48'.
Removing empty process `raven_spi.$proc$/openlane/designs/design_mux/src/raven_spi.v:88$48'.
Found and cleaned up 12 empty switches in `\spi_slave.$proc$/openlane/designs/design_mux/src/spi_slave.v:84$10'.
Removing empty process `spi_slave.$proc$/openlane/designs/design_mux/src/spi_slave.v:84$10'.
Found and cleaned up 5 empty switches in `\spi_slave.$proc$/openlane/designs/design_mux/src/spi_slave.v:51$3'.
Removing empty process `spi_slave.$proc$/openlane/designs/design_mux/src/spi_slave.v:51$3'.
Cleaned up 19 empty switches.

19. Executing CHECK pass (checking for obvious problems).
Checking module design_mux...
Checking module raven_spi...
Checking module spi_slave...
Found and reported 0 problems.

20. Executing OPT_EXPR pass (perform const folding).
Optimizing module design_mux.
Optimizing module raven_spi.
<suppressed ~3 debug messages>
Optimizing module spi_slave.
<suppressed ~9 debug messages>

21. Executing FLATTEN pass (flatten design).
Deleting now unused module raven_spi.
Deleting now unused module spi_slave.
<suppressed ~2 debug messages>

22. Executing OPT_EXPR pass (perform const folding).
Optimizing module design_mux.

23. Executing OPT_CLEAN pass (remove unused cells and wires).
Finding unused cells or wires in module \design_mux..
Removed 11 unused cells and 97 unused wires.
<suppressed ~14 debug messages>

24. Executing OPT pass (performing simple optimizations).

24.1. Executing OPT_EXPR pass (perform const folding).
Optimizing module design_mux.

24.2. Executing OPT_MERGE pass (detect identical cells).
Finding identical cells in module `\design_mux'.
<suppressed ~51 debug messages>
Removed a total of 17 cells.

24.3. Executing OPT_MUXTREE pass (detect dead branches in mux trees).
Running muxtree optimizer on module \design_mux..
  Creating internal representation of mux trees.
  Evaluating internal representation of mux trees.
  Analyzing evaluation results.
Removed 0 multiplexer ports.
<suppressed ~18 debug messages>

24.4. Executing OPT_REDUCE pass (consolidate $*mux and $reduce_* inputs).
  Optimizing cells in module \design_mux.
  Optimizing cells in module \design_mux.
Performed a total of 1 changes.

24.5. Executing OPT_MERGE pass (detect identical cells).
Finding identical cells in module `\design_mux'.
Removed a total of 0 cells.

24.6. Executing OPT_DFF pass (perform DFF optimizations).

24.7. Executing OPT_CLEAN pass (remove unused cells and wires).
Finding unused cells or wires in module \design_mux..
Removed 0 unused cells and 23 unused wires.
<suppressed ~6 debug messages>

24.8. Executing OPT_EXPR pass (perform const folding).
Optimizing module design_mux.

24.9. Rerunning OPT passes. (Maybe there is more to do..)

24.10. Executing OPT_MUXTREE pass (detect dead branches in mux trees).
Running muxtree optimizer on module \design_mux..
  Creating internal representation of mux trees.
  Evaluating internal representation of mux trees.
  Analyzing evaluation results.
Removed 0 multiplexer ports.
<suppressed ~18 debug messages>

24.11. Executing OPT_REDUCE pass (consolidate $*mux and $reduce_* inputs).
  Optimizing cells in module \design_mux.
Performed a total of 0 changes.

24.12. Executing OPT_MERGE pass (detect identical cells).
Finding identical cells in module `\design_mux'.
Removed a total of 0 cells.

24.13. Executing OPT_DFF pass (perform DFF optimizations).

24.14. Executing OPT_CLEAN pass (remove unused cells and wires).
Finding unused cells or wires in module \design_mux..

24.15. Executing OPT_EXPR pass (perform const folding).
Optimizing module design_mux.

24.16. Finished OPT passes. (There is nothing left to do.)

25. Executing FSM pass (extract and optimize FSM).

25.1. Executing FSM_DETECT pass (finding FSMs in design).
Found FSM state register design_mux.raven_spi.U1.state.

25.2. Executing FSM_EXTRACT pass (extracting FSM from design).
Extracting FSM `\raven_spi.U1.state' from module `\design_mux'.
  found $adff cell for state register: $flatten\raven_spi.\U1.$procdff$253
  root of input selection tree: $flatten\raven_spi.\U1.$0\state[1:0]
  found reset state: 2'00 (from async reset)
  found ctrl input: $flatten\raven_spi.\U1.$eq$/openlane/designs/design_mux/src/spi_slave.v:95$12_Y
  found ctrl input: $flatten\raven_spi.\U1.$eq$/openlane/designs/design_mux/src/spi_slave.v:102$18_Y
  found ctrl input: $flatten\raven_spi.\U1.$eq$/openlane/designs/design_mux/src/spi_slave.v:111$22_Y
  found ctrl input: $flatten\raven_spi.\U1.$eq$/openlane/designs/design_mux/src/spi_slave.v:101$17_Y
  found ctrl input: $flatten\raven_spi.\U1.$eq$/openlane/designs/design_mux/src/spi_slave.v:115$25_Y
  found state code: 2'10
  found ctrl input: $flatten\raven_spi.\U1.$eq$/openlane/designs/design_mux/src/spi_slave.v:60$7_Y
  found ctrl input: $flatten\raven_spi.\U1.$eq$/openlane/designs/design_mux/src/spi_slave.v:99$15_Y
  found ctrl input: $flatten\raven_spi.\U1.$lt$/openlane/designs/design_mux/src/spi_slave.v:100$16_Y
  found state code: 2'01
  found ctrl output: $flatten\raven_spi.\U1.$eq$/openlane/designs/design_mux/src/spi_slave.v:95$12_Y
  found ctrl output: $flatten\raven_spi.\U1.$eq$/openlane/designs/design_mux/src/spi_slave.v:102$18_Y
  found ctrl output: $flatten\raven_spi.\U1.$eq$/openlane/designs/design_mux/src/spi_slave.v:111$22_Y
  ctrl inputs: { $flatten\raven_spi.\U1.$eq$/openlane/designs/design_mux/src/spi_slave.v:115$25_Y $flatten\raven_spi.\U1.$eq$/openlane/designs/design_mux/src/spi_slave.v:101$17_Y $flatten\raven_spi.\U1.$lt$/openlane/designs/design_mux/src/spi_slave.v:100$16_Y $flatten\raven_spi.\U1.$eq$/openlane/designs/design_mux/src/spi_slave.v:99$15_Y $flatten\raven_spi.\U1.$eq$/openlane/designs/design_mux/src/spi_slave.v:60$7_Y }
  ctrl outputs: { $flatten\raven_spi.\U1.$eq$/openlane/designs/design_mux/src/spi_slave.v:111$22_Y $flatten\raven_spi.\U1.$eq$/openlane/designs/design_mux/src/spi_slave.v:102$18_Y $flatten\raven_spi.\U1.$eq$/openlane/designs/design_mux/src/spi_slave.v:95$12_Y $flatten\raven_spi.\U1.$0\state[1:0] }
  transition:       2'00 5'-0000 ->       2'00 5'00100
  transition:       2'00 5'-1000 ->       2'01 5'00101
  transition:       2'00 5'--100 ->       2'00 5'00100
  transition:       2'00 5'---10 ->       2'00 5'00100
  transition:       2'00 5'----1 ->       2'00 5'00100
  transition:       2'10 5'-0--- ->       2'10 5'10010
  transition:       2'10 5'01--- ->       2'10 5'10010
  transition:       2'10 5'11--- ->       2'00 5'10000
  transition:       2'01 5'-0--- ->       2'01 5'01001
  transition:       2'01 5'-1--- ->       2'10 5'01010

25.3. Executing FSM_OPT pass (simple optimizations of FSMs).
Optimizing FSM `$fsm$\raven_spi.U1.state$262' from module `\design_mux'.

25.4. Executing OPT_CLEAN pass (remove unused cells and wires).
Finding unused cells or wires in module \design_mux..
Removed 14 unused cells and 14 unused wires.
<suppressed ~15 debug messages>

25.5. Executing FSM_OPT pass (simple optimizations of FSMs).
Optimizing FSM `$fsm$\raven_spi.U1.state$262' from module `\design_mux'.
  Removing unused output signal $flatten\raven_spi.\U1.$0\state[1:0] [0].
  Removing unused output signal $flatten\raven_spi.\U1.$0\state[1:0] [1].

25.6. Executing FSM_RECODE pass (re-assigning FSM state encoding).
Recoding FSM `$fsm$\raven_spi.U1.state$262' from module `\design_mux' using `auto' encoding:
  mapping auto encoding to `one-hot` for this FSM.
  00 -> --1
  10 -> -1-
  01 -> 1--

25.7. Executing FSM_INFO pass (dumping all available information on FSM cells).

FSM `$fsm$\raven_spi.U1.state$262' from module `design_mux':
-------------------------------------

  Information on FSM $fsm$\raven_spi.U1.state$262 (\raven_spi.U1.state):

  Number of input signals:    5
  Number of output signals:   3
  Number of state bits:       3

  Input signals:
    0: $flatten\raven_spi.\U1.$eq$/openlane/designs/design_mux/src/spi_slave.v:60$7_Y
    1: $flatten\raven_spi.\U1.$eq$/openlane/designs/design_mux/src/spi_slave.v:99$15_Y
    2: $flatten\raven_spi.\U1.$lt$/openlane/designs/design_mux/src/spi_slave.v:100$16_Y
    3: $flatten\raven_spi.\U1.$eq$/openlane/designs/design_mux/src/spi_slave.v:101$17_Y
    4: $flatten\raven_spi.\U1.$eq$/openlane/designs/design_mux/src/spi_slave.v:115$25_Y

  Output signals:
    0: $flatten\raven_spi.\U1.$eq$/openlane/designs/design_mux/src/spi_slave.v:95$12_Y
    1: $flatten\raven_spi.\U1.$eq$/openlane/designs/design_mux/src/spi_slave.v:102$18_Y
    2: $flatten\raven_spi.\U1.$eq$/openlane/designs/design_mux/src/spi_slave.v:111$22_Y

  State encoding:
    0:      3'--1  <RESET STATE>
    1:      3'-1-
    2:      3'1--

  Transition Table (state_in, ctrl_in, state_out, ctrl_out):
      0:     0 5'-0000   ->     0 3'001
      1:     0 5'--100   ->     0 3'001
      2:     0 5'---10   ->     0 3'001
      3:     0 5'----1   ->     0 3'001
      4:     0 5'-1000   ->     2 3'001
      5:     1 5'11---   ->     0 3'100
      6:     1 5'-0---   ->     1 3'100
      7:     1 5'01---   ->     1 3'100
      8:     2 5'-1---   ->     1 3'010
      9:     2 5'-0---   ->     2 3'010

-------------------------------------

25.8. Executing FSM_MAP pass (mapping FSMs to basic logic).
Mapping FSM `$fsm$\raven_spi.U1.state$262' from module `\design_mux'.

26. Executing OPT pass (performing simple optimizations).

26.1. Executing OPT_EXPR pass (perform const folding).
Optimizing module design_mux.
<suppressed ~5 debug messages>

26.2. Executing OPT_MERGE pass (detect identical cells).
Finding identical cells in module `\design_mux'.
<suppressed ~3 debug messages>
Removed a total of 1 cells.

26.3. Executing OPT_MUXTREE pass (detect dead branches in mux trees).
Running muxtree optimizer on module \design_mux..
  Creating internal representation of mux trees.
  Evaluating internal representation of mux trees.
  Analyzing evaluation results.
Removed 0 multiplexer ports.
<suppressed ~17 debug messages>

26.4. Executing OPT_REDUCE pass (consolidate $*mux and $reduce_* inputs).
  Optimizing cells in module \design_mux.
Performed a total of 0 changes.

26.5. Executing OPT_MERGE pass (detect identical cells).
Finding identical cells in module `\design_mux'.
Removed a total of 0 cells.

26.6. Executing OPT_DFF pass (perform DFF optimizations).
Adding EN signal on $flatten\raven_spi.\U1.$procdff$261 ($adff) from module design_mux (D = $flatten\raven_spi.\U1.$procmux$228_Y, Q = \raven_spi.U1.ldata).
Adding EN signal on $flatten\raven_spi.\U1.$procdff$260 ($adff) from module design_mux (D = $flatten\raven_spi.\U1.$0\wrstb[0:0], Q = \raven_spi.U1.wrstb).
Adding EN signal on $flatten\raven_spi.\U1.$procdff$258 ($adff) from module design_mux (D = { \raven_spi.U1.predata [5:0] \SDI }, Q = \raven_spi.U1.predata).
Adding EN signal on $flatten\raven_spi.\U1.$procdff$257 ($adff) from module design_mux (D = $flatten\raven_spi.\U1.$0\fixed[2:0], Q = \raven_spi.U1.fixed).
Adding EN signal on $flatten\raven_spi.\U1.$procdff$256 ($adff) from module design_mux (D = \SDI, Q = \raven_spi.U1.readmode).
Adding EN signal on $flatten\raven_spi.\U1.$procdff$255 ($adff) from module design_mux (D = \SDI, Q = \raven_spi.U1.writemode).
Adding EN signal on $flatten\raven_spi.\U1.$procdff$254 ($adff) from module design_mux (D = $flatten\raven_spi.\U1.$0\count[2:0], Q = \raven_spi.U1.count).
Adding EN signal on $flatten\raven_spi.\U1.$procdff$252 ($adff) from module design_mux (D = $flatten\raven_spi.\U1.$procmux$198_Y, Q = \raven_spi.U1.addr).
Adding EN signal on $flatten\raven_spi.$procdff$250 ($adff) from module design_mux (D = \SDI, Q = \raven_spi.reset).
Adding EN signal on $flatten\raven_spi.$procdff$249 ($adff) from module design_mux (D = \SDI, Q = \raven_spi.irq).
Adding EN signal on $flatten\raven_spi.$procdff$248 ($adff) from module design_mux (D = \SDI, Q = \raven_spi.pll_bypass).
Adding EN signal on $flatten\raven_spi.$procdff$247 ($adff) from module design_mux (D = { \raven_spi.U1.predata [2:0] \SDI }, Q = \raven_spi.pll_trim).
Adding EN signal on $flatten\raven_spi.$procdff$245 ($adff) from module design_mux (D = \raven_spi.U1.predata [3], Q = \raven_spi.pll_cp_ena).
Adding EN signal on $flatten\raven_spi.$procdff$244 ($adff) from module design_mux (D = \raven_spi.U1.predata [4], Q = \raven_spi.pll_vco_ena).
Adding EN signal on $flatten\raven_spi.$procdff$243 ($adff) from module design_mux (D = \raven_spi.U1.predata [5], Q = \raven_spi.reg_ena).
Adding EN signal on $flatten\raven_spi.$procdff$242 ($adff) from module design_mux (D = \raven_spi.U1.predata [6], Q = \raven_spi.xtal_ena).

26.7. Executing OPT_CLEAN pass (remove unused cells and wires).
Finding unused cells or wires in module \design_mux..
Removed 27 unused cells and 36 unused wires.
<suppressed ~28 debug messages>

26.8. Executing OPT_EXPR pass (perform const folding).
Optimizing module design_mux.
<suppressed ~3 debug messages>

26.9. Rerunning OPT passes. (Maybe there is more to do..)

26.10. Executing OPT_MUXTREE pass (detect dead branches in mux trees).
Running muxtree optimizer on module \design_mux..
  Creating internal representation of mux trees.
  Evaluating internal representation of mux trees.
  Analyzing evaluation results.
Removed 0 multiplexer ports.
<suppressed ~6 debug messages>

26.11. Executing OPT_REDUCE pass (consolidate $*mux and $reduce_* inputs).
  Optimizing cells in module \design_mux.
Performed a total of 0 changes.

26.12. Executing OPT_MERGE pass (detect identical cells).
Finding identical cells in module `\design_mux'.
<suppressed ~18 debug messages>
Removed a total of 6 cells.

26.13. Executing OPT_DFF pass (perform DFF optimizations).

26.14. Executing OPT_CLEAN pass (remove unused cells and wires).
Finding unused cells or wires in module \design_mux..
Removed 0 unused cells and 6 unused wires.
<suppressed ~1 debug messages>

26.15. Executing OPT_EXPR pass (perform const folding).
Optimizing module design_mux.

26.16. Rerunning OPT passes. (Maybe there is more to do..)

26.17. Executing OPT_MUXTREE pass (detect dead branches in mux trees).
Running muxtree optimizer on module \design_mux..
  Creating internal representation of mux trees.
  Evaluating internal representation of mux trees.
  Analyzing evaluation results.
Removed 0 multiplexer ports.
<suppressed ~6 debug messages>

26.18. Executing OPT_REDUCE pass (consolidate $*mux and $reduce_* inputs).
  Optimizing cells in module \design_mux.
Performed a total of 0 changes.

26.19. Executing OPT_MERGE pass (detect identical cells).
Finding identical cells in module `\design_mux'.
Removed a total of 0 cells.

26.20. Executing OPT_DFF pass (perform DFF optimizations).

26.21. Executing OPT_CLEAN pass (remove unused cells and wires).
Finding unused cells or wires in module \design_mux..

26.22. Executing OPT_EXPR pass (perform const folding).
Optimizing module design_mux.

26.23. Finished OPT passes. (There is nothing left to do.)

27. Executing WREDUCE pass (reducing word size of cells).
Removed top 1 bits (of 6) from port B of cell design_mux.$auto$opt_dff.cc:195:make_patterns_logic$337 ($ne).
Removed top 1 bits (of 4) from port B of cell design_mux.$auto$opt_dff.cc:195:make_patterns_logic$361 ($ne).
Removed top 1 bits (of 3) from port B of cell design_mux.$auto$opt_dff.cc:195:make_patterns_logic$359 ($ne).
Removed top 1 bits (of 2) from port B of cell design_mux.$auto$fsm_map.cc:77:implement_pattern_cache$297 ($eq).
Removed top 1 bits (of 5) from port B of cell design_mux.$auto$opt_dff.cc:195:make_patterns_logic$339 ($ne).
Removed top 2 bits (of 3) from port B of cell design_mux.$flatten\raven_spi.\U1.$eq$/openlane/designs/design_mux/src/spi_slave.v:99$15 ($eq).
Removed top 31 bits (of 32) from port B of cell design_mux.$flatten\raven_spi.\U1.$add$/openlane/designs/design_mux/src/spi_slave.v:103$19 ($add).
Removed top 29 bits (of 32) from port Y of cell design_mux.$flatten\raven_spi.\U1.$add$/openlane/designs/design_mux/src/spi_slave.v:103$19 ($add).
Removed top 2 bits (of 3) from port B of cell design_mux.$flatten\raven_spi.\U1.$eq$/openlane/designs/design_mux/src/spi_slave.v:115$25 ($eq).
Removed top 31 bits (of 32) from port B of cell design_mux.$flatten\raven_spi.\U1.$sub$/openlane/designs/design_mux/src/spi_slave.v:118$27 ($sub).
Removed top 29 bits (of 32) from port Y of cell design_mux.$flatten\raven_spi.\U1.$sub$/openlane/designs/design_mux/src/spi_slave.v:118$27 ($sub).
Removed top 31 bits (of 32) from port B of cell design_mux.$flatten\raven_spi.\U1.$add$/openlane/designs/design_mux/src/spi_slave.v:119$28 ($add).
Removed top 24 bits (of 32) from port Y of cell design_mux.$flatten\raven_spi.\U1.$add$/openlane/designs/design_mux/src/spi_slave.v:119$28 ($add).
Removed top 1 bits (of 4) from port B of cell design_mux.$auto$opt_dff.cc:195:make_patterns_logic$335 ($ne).
Removed top 7 bits (of 8) from mux cell design_mux.$flatten\raven_spi.$ternary$/openlane/designs/design_mux/src/raven_spi.v:84$39 ($mux).
Removed top 4 bits (of 8) from port B of cell design_mux.$flatten\raven_spi.$eq$/openlane/designs/design_mux/src/raven_spi.v:84$38 ($eq).
Removed top 5 bits (of 8) from port B of cell design_mux.$flatten\raven_spi.$eq$/openlane/designs/design_mux/src/raven_spi.v:83$37 ($eq).
Removed top 5 bits (of 8) from port B of cell design_mux.$flatten\raven_spi.$eq$/openlane/designs/design_mux/src/raven_spi.v:82$36 ($eq).
Removed top 5 bits (of 8) from port B of cell design_mux.$flatten\raven_spi.$eq$/openlane/designs/design_mux/src/raven_spi.v:81$35 ($eq).
Removed top 5 bits (of 8) from port B of cell design_mux.$flatten\raven_spi.$eq$/openlane/designs/design_mux/src/raven_spi.v:80$34 ($eq).
Removed top 6 bits (of 8) from port B of cell design_mux.$flatten\raven_spi.$eq$/openlane/designs/design_mux/src/raven_spi.v:79$33 ($eq).
Removed top 6 bits (of 8) from port B of cell design_mux.$flatten\raven_spi.$eq$/openlane/designs/design_mux/src/raven_spi.v:78$32 ($eq).
Removed top 7 bits (of 8) from port B of cell design_mux.$flatten\raven_spi.$eq$/openlane/designs/design_mux/src/raven_spi.v:77$31 ($eq).
Removed top 7 bits (of 8) from wire design_mux.$flatten\raven_spi.$ternary$/openlane/designs/design_mux/src/raven_spi.v:84$39_Y.
Removed top 29 bits (of 32) from wire design_mux.$flatten\raven_spi.\U1.$add$/openlane/designs/design_mux/src/spi_slave.v:103$19_Y.
Removed top 24 bits (of 32) from wire design_mux.$flatten\raven_spi.\U1.$add$/openlane/designs/design_mux/src/spi_slave.v:119$28_Y.
Removed top 29 bits (of 32) from wire design_mux.$flatten\raven_spi.\U1.$sub$/openlane/designs/design_mux/src/spi_slave.v:118$27_Y.

28. Executing PEEPOPT pass (run peephole optimizers).

29. Executing OPT_CLEAN pass (remove unused cells and wires).
Finding unused cells or wires in module \design_mux..
Removed 0 unused cells and 4 unused wires.
<suppressed ~1 debug messages>

30. Executing ALUMACC pass (create $alu and $macc cells).
Extracting $alu and $macc cells in module design_mux:
  creating $macc model for $flatten\raven_spi.\U1.$add$/openlane/designs/design_mux/src/spi_slave.v:103$19 ($add).
  creating $macc model for $flatten\raven_spi.\U1.$add$/openlane/designs/design_mux/src/spi_slave.v:119$28 ($add).
  creating $macc model for $flatten\raven_spi.\U1.$sub$/openlane/designs/design_mux/src/spi_slave.v:118$27 ($sub).
  creating $alu model for $macc $flatten\raven_spi.\U1.$sub$/openlane/designs/design_mux/src/spi_slave.v:118$27.
  creating $alu model for $macc $flatten\raven_spi.\U1.$add$/openlane/designs/design_mux/src/spi_slave.v:119$28.
  creating $alu model for $macc $flatten\raven_spi.\U1.$add$/openlane/designs/design_mux/src/spi_slave.v:103$19.
  creating $alu model for $flatten\raven_spi.\U1.$lt$/openlane/designs/design_mux/src/spi_slave.v:100$16 ($lt): new $alu
  creating $alu cell for $flatten\raven_spi.\U1.$lt$/openlane/designs/design_mux/src/spi_slave.v:100$16: $auto$alumacc.cc:485:replace_alu$397
  creating $alu cell for $flatten\raven_spi.\U1.$add$/openlane/designs/design_mux/src/spi_slave.v:103$19: $auto$alumacc.cc:485:replace_alu$402
  creating $alu cell for $flatten\raven_spi.\U1.$add$/openlane/designs/design_mux/src/spi_slave.v:119$28: $auto$alumacc.cc:485:replace_alu$405
  creating $alu cell for $flatten\raven_spi.\U1.$sub$/openlane/designs/design_mux/src/spi_slave.v:118$27: $auto$alumacc.cc:485:replace_alu$408
  created 4 $alu and 0 $macc cells.

31. Executing SHARE pass (SAT-based resource sharing).

32. Executing OPT pass (performing simple optimizations).

32.1. Executing OPT_EXPR pass (perform const folding).
Optimizing module design_mux.
<suppressed ~1 debug messages>

32.2. Executing OPT_MERGE pass (detect identical cells).
Finding identical cells in module `\design_mux'.
Removed a total of 0 cells.

32.3. Executing OPT_MUXTREE pass (detect dead branches in mux trees).
Running muxtree optimizer on module \design_mux..
  Creating internal representation of mux trees.
  Evaluating internal representation of mux trees.
  Analyzing evaluation results.
Removed 0 multiplexer ports.
<suppressed ~6 debug messages>

32.4. Executing OPT_REDUCE pass (consolidate $*mux and $reduce_* inputs).
  Optimizing cells in module \design_mux.
Performed a total of 0 changes.

32.5. Executing OPT_MERGE pass (detect identical cells).
Finding identical cells in module `\design_mux'.
Removed a total of 0 cells.

32.6. Executing OPT_DFF pass (perform DFF optimizations).

32.7. Executing OPT_CLEAN pass (remove unused cells and wires).
Finding unused cells or wires in module \design_mux..
Removed 0 unused cells and 1 unused wires.
<suppressed ~1 debug messages>

32.8. Executing OPT_EXPR pass (perform const folding).
Optimizing module design_mux.

32.9. Rerunning OPT passes. (Maybe there is more to do..)

32.10. Executing OPT_MUXTREE pass (detect dead branches in mux trees).
Running muxtree optimizer on module \design_mux..
  Creating internal representation of mux trees.
  Evaluating internal representation of mux trees.
  Analyzing evaluation results.
Removed 0 multiplexer ports.
<suppressed ~6 debug messages>

32.11. Executing OPT_REDUCE pass (consolidate $*mux and $reduce_* inputs).
  Optimizing cells in module \design_mux.
Performed a total of 0 changes.

32.12. Executing OPT_MERGE pass (detect identical cells).
Finding identical cells in module `\design_mux'.
Removed a total of 0 cells.

32.13. Executing OPT_DFF pass (perform DFF optimizations).

32.14. Executing OPT_CLEAN pass (remove unused cells and wires).
Finding unused cells or wires in module \design_mux..

32.15. Executing OPT_EXPR pass (perform const folding).
Optimizing module design_mux.

32.16. Finished OPT passes. (There is nothing left to do.)

33. Executing MEMORY pass.

33.1. Executing OPT_MEM pass (optimize memories).
Performed a total of 0 transformations.

33.2. Executing OPT_MEM_PRIORITY pass (removing unnecessary memory write priority relations).
Performed a total of 0 transformations.

33.3. Executing OPT_MEM_FEEDBACK pass (finding memory read-to-write feedback paths).

33.4. Executing MEMORY_BMUX2ROM pass (converting muxes to ROMs).

33.5. Executing MEMORY_DFF pass (merging $dff cells to $memrd).

33.6. Executing OPT_CLEAN pass (remove unused cells and wires).
Finding unused cells or wires in module \design_mux..

33.7. Executing MEMORY_SHARE pass (consolidating $memrd/$memwr cells).

33.8. Executing OPT_MEM_WIDEN pass (optimize memories where all ports are wide).
Performed a total of 0 transformations.

33.9. Executing OPT_CLEAN pass (remove unused cells and wires).
Finding unused cells or wires in module \design_mux..

33.10. Executing MEMORY_COLLECT pass (generating $mem cells).

34. Executing OPT_CLEAN pass (remove unused cells and wires).
Finding unused cells or wires in module \design_mux..

35. Executing OPT pass (performing simple optimizations).

35.1. Executing OPT_EXPR pass (perform const folding).
Optimizing module design_mux.
<suppressed ~19 debug messages>

35.2. Executing OPT_MERGE pass (detect identical cells).
Finding identical cells in module `\design_mux'.
Removed a total of 0 cells.

35.3. Executing OPT_DFF pass (perform DFF optimizations).

35.4. Executing OPT_CLEAN pass (remove unused cells and wires).
Finding unused cells or wires in module \design_mux..
Removed 0 unused cells and 16 unused wires.
<suppressed ~1 debug messages>

35.5. Finished fast OPT passes.

36. Executing MEMORY_MAP pass (converting memories to logic and flip-flops).

37. Executing OPT pass (performing simple optimizations).

37.1. Executing OPT_EXPR pass (perform const folding).
Optimizing module design_mux.

37.2. Executing OPT_MERGE pass (detect identical cells).
Finding identical cells in module `\design_mux'.
Removed a total of 0 cells.

37.3. Executing OPT_MUXTREE pass (detect dead branches in mux trees).
Running muxtree optimizer on module \design_mux..
  Creating internal representation of mux trees.
  Evaluating internal representation of mux trees.
  Analyzing evaluation results.
Removed 0 multiplexer ports.
<suppressed ~4 debug messages>

37.4. Executing OPT_REDUCE pass (consolidate $*mux and $reduce_* inputs).
  Optimizing cells in module \design_mux.
    Consolidated identical input bits for $mux cell $flatten\raven_spi.$ternary$/openlane/designs/design_mux/src/raven_spi.v:83$40:
      Old ports: A={ 7'0000000 $auto$wreduce.cc:455:run$392 [0] }, B={ 7'0000000 \raven_spi.reset }, Y=$flatten\raven_spi.$ternary$/openlane/designs/design_mux/src/raven_spi.v:83$40_Y
      New ports: A=$auto$wreduce.cc:455:run$392 [0], B=\raven_spi.reset, Y=$flatten\raven_spi.$ternary$/openlane/designs/design_mux/src/raven_spi.v:83$40_Y [0]
      New connections: $flatten\raven_spi.$ternary$/openlane/designs/design_mux/src/raven_spi.v:83$40_Y [7:1] = 7'0000000
  Optimizing cells in module \design_mux.
    Consolidated identical input bits for $mux cell $flatten\raven_spi.$ternary$/openlane/designs/design_mux/src/raven_spi.v:82$41:
      Old ports: A=$flatten\raven_spi.$ternary$/openlane/designs/design_mux/src/raven_spi.v:83$40_Y, B={ 7'0000000 \raven_spi.irq }, Y=$flatten\raven_spi.$ternary$/openlane/designs/design_mux/src/raven_spi.v:82$41_Y
      New ports: A=$flatten\raven_spi.$ternary$/openlane/designs/design_mux/src/raven_spi.v:83$40_Y [0], B=\raven_spi.irq, Y=$flatten\raven_spi.$ternary$/openlane/designs/design_mux/src/raven_spi.v:82$41_Y [0]
      New connections: $flatten\raven_spi.$ternary$/openlane/designs/design_mux/src/raven_spi.v:82$41_Y [7:1] = 7'0000000
  Optimizing cells in module \design_mux.
    Consolidated identical input bits for $mux cell $flatten\raven_spi.$ternary$/openlane/designs/design_mux/src/raven_spi.v:81$42:
      Old ports: A=$flatten\raven_spi.$ternary$/openlane/designs/design_mux/src/raven_spi.v:82$41_Y, B={ 7'0000000 \raven_spi.pll_bypass }, Y=$flatten\raven_spi.$ternary$/openlane/designs/design_mux/src/raven_spi.v:81$42_Y
      New ports: A=$flatten\raven_spi.$ternary$/openlane/designs/design_mux/src/raven_spi.v:82$41_Y [0], B=\raven_spi.pll_bypass, Y=$flatten\raven_spi.$ternary$/openlane/designs/design_mux/src/raven_spi.v:81$42_Y [0]
      New connections: $flatten\raven_spi.$ternary$/openlane/designs/design_mux/src/raven_spi.v:81$42_Y [7:1] = 7'0000000
  Optimizing cells in module \design_mux.
Performed a total of 3 changes.

37.5. Executing OPT_MERGE pass (detect identical cells).
Finding identical cells in module `\design_mux'.
Removed a total of 0 cells.

37.6. Executing OPT_SHARE pass.

37.7. Executing OPT_DFF pass (perform DFF optimizations).

37.8. Executing OPT_CLEAN pass (remove unused cells and wires).
Finding unused cells or wires in module \design_mux..

37.9. Executing OPT_EXPR pass (perform const folding).
Optimizing module design_mux.

37.10. Rerunning OPT passes. (Maybe there is more to do..)

37.11. Executing OPT_MUXTREE pass (detect dead branches in mux trees).
Running muxtree optimizer on module \design_mux..
  Creating internal representation of mux trees.
  Evaluating internal representation of mux trees.
  Analyzing evaluation results.
Removed 0 multiplexer ports.
<suppressed ~4 debug messages>

37.12. Executing OPT_REDUCE pass (consolidate $*mux and $reduce_* inputs).
  Optimizing cells in module \design_mux.
Performed a total of 0 changes.

37.13. Executing OPT_MERGE pass (detect identical cells).
Finding identical cells in module `\design_mux'.
Removed a total of 0 cells.

37.14. Executing OPT_SHARE pass.

37.15. Executing OPT_DFF pass (perform DFF optimizations).

37.16. Executing OPT_CLEAN pass (remove unused cells and wires).
Finding unused cells or wires in module \design_mux..

37.17. Executing OPT_EXPR pass (perform const folding).
Optimizing module design_mux.

37.18. Finished OPT passes. (There is nothing left to do.)

38. Executing TECHMAP pass (map to technology primitives).

38.1. Executing Verilog-2005 frontend: /build/bin/../share/yosys/techmap.v
Parsing Verilog input from `/build/bin/../share/yosys/techmap.v' to AST representation.
Generating RTLIL representation for module `\_90_simplemap_bool_ops'.
Generating RTLIL representation for module `\_90_simplemap_reduce_ops'.
Generating RTLIL representation for module `\_90_simplemap_logic_ops'.
Generating RTLIL representation for module `\_90_simplemap_compare_ops'.
Generating RTLIL representation for module `\_90_simplemap_various'.
Generating RTLIL representation for module `\_90_simplemap_registers'.
Generating RTLIL representation for module `\_90_shift_ops_shr_shl_sshl_sshr'.
Generating RTLIL representation for module `\_90_shift_shiftx'.
Generating RTLIL representation for module `\_90_fa'.
Generating RTLIL representation for module `\_90_lcu'.
Generating RTLIL representation for module `\_90_alu'.
Generating RTLIL representation for module `\_90_macc'.
Generating RTLIL representation for module `\_90_alumacc'.
Generating RTLIL representation for module `\$__div_mod_u'.
Generating RTLIL representation for module `\$__div_mod_trunc'.
Generating RTLIL representation for module `\_90_div'.
Generating RTLIL representation for module `\_90_mod'.
Generating RTLIL representation for module `\$__div_mod_floor'.
Generating RTLIL representation for module `\_90_divfloor'.
Generating RTLIL representation for module `\_90_modfloor'.
Generating RTLIL representation for module `\_90_pow'.
Generating RTLIL representation for module `\_90_pmux'.
Generating RTLIL representation for module `\_90_demux'.
Generating RTLIL representation for module `\_90_lut'.
Successfully finished Verilog frontend.

38.2. Continuing TECHMAP pass.
Using extmapper simplemap for cells of type $adff.
Using extmapper simplemap for cells of type $ne.
Using extmapper simplemap for cells of type $adffe.
Using extmapper simplemap for cells of type $eq.
Using extmapper simplemap for cells of type $and.
Using extmapper simplemap for cells of type $reduce_or.
Using extmapper simplemap for cells of type $reduce_and.
Using extmapper simplemap for cells of type $logic_not.
Using extmapper simplemap for cells of type $not.
Using extmapper simplemap for cells of type $reduce_bool.
Using template $paramod$78e969f2586efcf3a5b0b0440bcca0db83d5cca2\_90_alu for cells of type $alu.
Using extmapper simplemap for cells of type $mux.
Using template $paramod$3ef7d3dd227da7627a99c5e5a6a4deb817573e39\_90_alu for cells of type $alu.
Using template $paramod$c3cd1564c35d873179656addd6052d7ea8b6d991\_90_alu for cells of type $alu.
Using template $paramod$b8c0a997bce700f23568a5ada79cc6781d1f5ca0\_90_alu for cells of type $alu.
Using extmapper simplemap for cells of type $pos.
Using template $paramod\_90_lcu\WIDTH=32'00000000000000000000000000000011 for cells of type $lcu.
Using extmapper simplemap for cells of type $xor.
Using template $paramod\_90_lcu\WIDTH=32'00000000000000000000000000001000 for cells of type $lcu.
Using extmapper simplemap for cells of type $or.
No more expansions possible.
<suppressed ~543 debug messages>

39. Executing OPT pass (performing simple optimizations).

39.1. Executing OPT_EXPR pass (perform const folding).
Optimizing module design_mux.
<suppressed ~280 debug messages>

39.2. Executing OPT_MERGE pass (detect identical cells).
Finding identical cells in module `\design_mux'.
<suppressed ~216 debug messages>
Removed a total of 72 cells.

39.3. Executing OPT_DFF pass (perform DFF optimizations).

39.4. Executing OPT_CLEAN pass (remove unused cells and wires).
Finding unused cells or wires in module \design_mux..
Removed 19 unused cells and 253 unused wires.
<suppressed ~20 debug messages>

39.5. Finished fast OPT passes.

40. Executing ABC pass (technology mapping using ABC).

40.1. Extracting gate netlist of module `\design_mux' to `<abc-temp-dir>/input.blif'..
Extracted 232 gates and 278 wires to a netlist network with 44 inputs and 38 outputs.

40.1.1. Executing ABC.
Running ABC command: "<yosys-exe-dir>/yosys-abc" -s -f <abc-temp-dir>/abc.script 2>&1
ABC: ABC command line: "source <abc-temp-dir>/abc.script".
ABC: 
ABC: + read_blif <abc-temp-dir>/input.blif 
ABC: + read_library <abc-temp-dir>/stdcells.genlib 
ABC: Entered genlib library with 13 gates from file "<abc-temp-dir>/stdcells.genlib".
ABC: + strash 
ABC: + dretime 
ABC: + map 
ABC: + write_blif <abc-temp-dir>/output.blif 

40.1.2. Re-integrating ABC results.
ABC RESULTS:              XNOR cells:        1
ABC RESULTS:               NOT cells:       11
ABC RESULTS:              NAND cells:        9
ABC RESULTS:            ANDNOT cells:       34
ABC RESULTS:             ORNOT cells:       16
ABC RESULTS:                OR cells:       50
ABC RESULTS:               NOR cells:       19
ABC RESULTS:               MUX cells:       35
ABC RESULTS:               XOR cells:       10
ABC RESULTS:               AND cells:       18
ABC RESULTS:        internal signals:      196
ABC RESULTS:           input signals:       44
ABC RESULTS:          output signals:       38
Removing temp directory.

41. Executing OPT pass (performing simple optimizations).

41.1. Executing OPT_EXPR pass (perform const folding).
Optimizing module design_mux.
<suppressed ~9 debug messages>

41.2. Executing OPT_MERGE pass (detect identical cells).
Finding identical cells in module `\design_mux'.
Removed a total of 0 cells.

41.3. Executing OPT_DFF pass (perform DFF optimizations).

41.4. Executing OPT_CLEAN pass (remove unused cells and wires).
Finding unused cells or wires in module \design_mux..
Removed 0 unused cells and 188 unused wires.
<suppressed ~5 debug messages>

41.5. Finished fast OPT passes.

42. Executing HIERARCHY pass (managing design hierarchy).

42.1. Analyzing design hierarchy..
Top module:  \design_mux

42.2. Analyzing design hierarchy..
Top module:  \design_mux
Removed 0 unused modules.

43. Printing statistics.

=== design_mux ===

   Number of wires:                256
   Number of wire bits:            354
   Number of public wires:          54
   Number of public wire bits:     148
   Number of memories:               0
   Number of memory bits:            0
   Number of processes:              0
   Number of cells:                250
     $_ANDNOT_                      34
     $_AND_                         18
     $_DFFE_NP0P_                    9
     $_DFFE_PP0P_                   30
     $_DFFE_PP1P_                    4
     $_DFF_PP0_                      2
     $_DFF_PP1_                      1
     $_MUX_                         35
     $_NAND_                         9
     $_NOR_                         19
     $_NOT_                         11
     $_ORNOT_                       16
     $_OR_                          50
     $_XNOR_                         1
     $_XOR_                         10
     AMUX2_3V                        1

44. Executing CHECK pass (checking for obvious problems).
Checking module design_mux...
Found and reported 0 problems.

45. Generating Graphviz representation of design.
Writing dot description to `/openlane/designs/design_mux/runs/RUN_2026.07.05_03.37.10/tmp/synthesis/post_techmap.dot'.
Dumping module design_mux to page 1.

46. Executing SHARE pass (SAT-based resource sharing).

47. Executing OPT pass (performing simple optimizations).

47.1. Executing OPT_EXPR pass (perform const folding).
Optimizing module design_mux.

47.2. Executing OPT_MERGE pass (detect identical cells).
Finding identical cells in module `\design_mux'.
Removed a total of 0 cells.

47.3. Executing OPT_MUXTREE pass (detect dead branches in mux trees).
Running muxtree optimizer on module \design_mux..
  Creating internal representation of mux trees.
  No muxes found in this module.
Removed 0 multiplexer ports.

47.4. Executing OPT_REDUCE pass (consolidate $*mux and $reduce_* inputs).
  Optimizing cells in module \design_mux.
Performed a total of 0 changes.

47.5. Executing OPT_MERGE pass (detect identical cells).
Finding identical cells in module `\design_mux'.
Removed a total of 0 cells.

47.6. Executing OPT_DFF pass (perform DFF optimizations).

47.7. Executing OPT_CLEAN pass (remove unused cells and wires).
Finding unused cells or wires in module \design_mux..

47.8. Executing OPT_EXPR pass (perform const folding).
Optimizing module design_mux.

47.9. Finished OPT passes. (There is nothing left to do.)

48. Executing OPT_CLEAN pass (remove unused cells and wires).
Finding unused cells or wires in module \design_mux..
Removed 0 unused cells and 28 unused wires.
<suppressed ~28 debug messages>

49. Printing statistics.

=== design_mux ===

   Number of wires:                228
   Number of wire bits:            265
   Number of public wires:          26
   Number of public wire bits:      59
   Number of memories:               0
   Number of memory bits:            0
   Number of processes:              0
   Number of cells:                250
     $_ANDNOT_                      34
     $_AND_                         18
     $_DFFE_NP0P_                    9
     $_DFFE_PP0P_                   30
     $_DFFE_PP1P_                    4
     $_DFF_PP0_                      2
     $_DFF_PP1_                      1
     $_MUX_                         35
     $_NAND_                         9
     $_NOR_                         19
     $_NOT_                         11
     $_ORNOT_                       16
     $_OR_                          50
     $_XNOR_                         1
     $_XOR_                         10
     AMUX2_3V                        1

mapping tbuf

50. Executing TECHMAP pass (map to technology primitives).

50.1. Executing Verilog-2005 frontend: /home/indhu/Desktop/mixed_signal_VLSI/pdks/sky130A/libs.tech/openlane/sky130_fd_sc_hd/tribuff_map.v
Parsing Verilog input from `/home/indhu/Desktop/mixed_signal_VLSI/pdks/sky130A/libs.tech/openlane/sky130_fd_sc_hd/tribuff_map.v' to AST representation.
Generating RTLIL representation for module `\$_TBUF_'.
Successfully finished Verilog frontend.

50.2. Continuing TECHMAP pass.
No more expansions possible.
<suppressed ~3 debug messages>

51. Executing SIMPLEMAP pass (map simple cells to gate primitives).

52. Executing TECHMAP pass (map to technology primitives).

52.1. Executing Verilog-2005 frontend: /home/indhu/Desktop/mixed_signal_VLSI/pdks/sky130A/libs.tech/openlane/sky130_fd_sc_hd/latch_map.v
Parsing Verilog input from `/home/indhu/Desktop/mixed_signal_VLSI/pdks/sky130A/libs.tech/openlane/sky130_fd_sc_hd/latch_map.v' to AST representation.
Generating RTLIL representation for module `\$_DLATCH_P_'.
Generating RTLIL representation for module `\$_DLATCH_N_'.
Successfully finished Verilog frontend.

52.2. Continuing TECHMAP pass.
No more expansions possible.
<suppressed ~4 debug messages>

53. Executing SIMPLEMAP pass (map simple cells to gate primitives).

54. Executing DFFLIBMAP pass (mapping DFF cells to sequential cells from liberty file).
  cell sky130_fd_sc_hd__dfxtp_2 (noninv, pins=3, area=21.27) is a direct match for cell type $_DFF_P_.
  cell sky130_fd_sc_hd__dfrtp_2 (noninv, pins=4, area=26.28) is a direct match for cell type $_DFF_PN0_.
  cell sky130_fd_sc_hd__dfstp_2 (noninv, pins=4, area=26.28) is a direct match for cell type $_DFF_PN1_.
  cell sky130_fd_sc_hd__dfbbn_2 (noninv, pins=6, area=35.03) is a direct match for cell type $_DFFSR_NNN_.
  final dff cell mappings:
    unmapped dff cell: $_DFF_N_
    \sky130_fd_sc_hd__dfxtp_2 _DFF_P_ (.CLK( C), .D( D), .Q( Q));
    unmapped dff cell: $_DFF_NN0_
    unmapped dff cell: $_DFF_NN1_
    unmapped dff cell: $_DFF_NP0_
    unmapped dff cell: $_DFF_NP1_
    \sky130_fd_sc_hd__dfrtp_2 _DFF_PN0_ (.CLK( C), .D( D), .Q( Q), .RESET_B( R));
    \sky130_fd_sc_hd__dfstp_2 _DFF_PN1_ (.CLK( C), .D( D), .Q( Q), .SET_B( R));
    unmapped dff cell: $_DFF_PP0_
    unmapped dff cell: $_DFF_PP1_
    \sky130_fd_sc_hd__dfbbn_2 _DFFSR_NNN_ (.CLK_N( C), .D( D), .Q( Q), .Q_N(~Q), .RESET_B( R), .SET_B( S));
    unmapped dff cell: $_DFFSR_NNP_
    unmapped dff cell: $_DFFSR_NPN_
    unmapped dff cell: $_DFFSR_NPP_
    unmapped dff cell: $_DFFSR_PNN_
    unmapped dff cell: $_DFFSR_PNP_
    unmapped dff cell: $_DFFSR_PPN_
    unmapped dff cell: $_DFFSR_PPP_

54.1. Executing DFFLEGALIZE pass (convert FFs to types supported by the target).
Mapping DFF cells in module `\design_mux':
  mapped 41 $_DFF_PN0_ cells to \sky130_fd_sc_hd__dfrtp_2 cells.
  mapped 5 $_DFF_PN1_ cells to \sky130_fd_sc_hd__dfstp_2 cells.

55. Printing statistics.

=== design_mux ===

   Number of wires:                326
   Number of wire bits:            363
   Number of public wires:          26
   Number of public wire bits:      59
   Number of memories:               0
   Number of memory bits:            0
   Number of processes:              0
   Number of cells:                348
     $_ANDNOT_                      34
     $_AND_                         18
     $_MUX_                         78
     $_NAND_                         9
     $_NOR_                         19
     $_NOT_                         66
     $_ORNOT_                       16
     $_OR_                          50
     $_XNOR_                         1
     $_XOR_                         10
     AMUX2_3V                        1
     sky130_fd_sc_hd__dfrtp_2       41
     sky130_fd_sc_hd__dfstp_2        5

[INFO]: USING STRATEGY AREA 0

56. Executing ABC pass (technology mapping using ABC).

56.1. Extracting gate netlist of module `\design_mux' to `/tmp/yosys-abc-yWHmhr/input.blif'..
Extracted 301 gates and 356 wires to a netlist network with 55 inputs and 101 outputs.

56.1.1. Executing ABC.
Running ABC command: "/build/bin/yosys-abc" -s -f /tmp/yosys-abc-yWHmhr/abc.script 2>&1
ABC: ABC command line: "source /tmp/yosys-abc-yWHmhr/abc.script".
ABC: 
ABC: + read_blif /tmp/yosys-abc-yWHmhr/input.blif 
ABC: + read_lib -w /openlane/designs/design_mux/runs/RUN_2026.07.05_03.37.10/tmp/synthesis/trimmed.lib 
ABC: Parsing finished successfully.  Parsing time =     0.08 sec
ABC: Scl_LibertyReadGenlib() skipped sequential cell "sky130_fd_sc_hd__dfbbn_2".
ABC: Scl_LibertyReadGenlib() skipped sequential cell "sky130_fd_sc_hd__dfrbp_2".
ABC: Scl_LibertyReadGenlib() skipped sequential cell "sky130_fd_sc_hd__dfrtp_2".
ABC: Scl_LibertyReadGenlib() skipped sequential cell "sky130_fd_sc_hd__dfrtp_4".
ABC: Scl_LibertyReadGenlib() skipped sequential cell "sky130_fd_sc_hd__dfsbp_2".
ABC: Scl_LibertyReadGenlib() skipped sequential cell "sky130_fd_sc_hd__dfstp_2".
ABC: Scl_LibertyReadGenlib() skipped sequential cell "sky130_fd_sc_hd__dfstp_4".
ABC: Scl_LibertyReadGenlib() skipped sequential cell "sky130_fd_sc_hd__dfxbp_2".
ABC: Scl_LibertyReadGenlib() skipped sequential cell "sky130_fd_sc_hd__dfxtp_2".
ABC: Scl_LibertyReadGenlib() skipped sequential cell "sky130_fd_sc_hd__dfxtp_4".
ABC: Scl_LibertyReadGenlib() skipped sequential cell "sky130_fd_sc_hd__dlxtn_1".
ABC: Scl_LibertyReadGenlib() skipped sequential cell "sky130_fd_sc_hd__dlxtn_2".
ABC: Scl_LibertyReadGenlib() skipped sequential cell "sky130_fd_sc_hd__dlxtn_4".
ABC: Scl_LibertyReadGenlib() skipped sequential cell "sky130_fd_sc_hd__dlxtp_1".
ABC: Scl_LibertyReadGenlib() skipped three-state cell "sky130_fd_sc_hd__ebufn_2".
ABC: Scl_LibertyReadGenlib() skipped three-state cell "sky130_fd_sc_hd__ebufn_4".
ABC: Scl_LibertyReadGenlib() skipped three-state cell "sky130_fd_sc_hd__ebufn_8".
ABC: Library "sky130A_merged" from "/openlane/designs/design_mux/runs/RUN_2026.07.05_03.37.10/tmp/synthesis/trimmed.lib" has 175 cells (17 skipped: 14 seq; 3 tri-state; 0 no func; 0 dont_use).  Time =     0.12 sec
ABC: Memory =    9.54 MB. Time =     0.12 sec
ABC: Warning: Detected 2 multi-output gates (for example, "sky130_fd_sc_hd__fa_1").
ABC: + read_constr -v /openlane/designs/design_mux/runs/RUN_2026.07.05_03.37.10/tmp/synthesis/synthesis.sdc 
ABC: Setting driving cell to be "sky130_fd_sc_hd__inv_2".
ABC: Setting output load to be 33.442001.
ABC: + read_constr /openlane/designs/design_mux/runs/RUN_2026.07.05_03.37.10/tmp/synthesis/synthesis.sdc 
ABC: + fx 
ABC: + mfs 
ABC: + strash 
ABC: + refactor 
ABC: + balance 
ABC: + rewrite 
ABC: + refactor 
ABC: + balance 
ABC: + rewrite 
ABC: + rewrite -z 
ABC: + balance 
ABC: + refactor -z 
ABC: + rewrite -z 
ABC: + balance 
ABC: + retime -D -D 10000.0 -M 5 
ABC: + scleanup 
ABC: Error: The network is combinational.
ABC: + fraig_store 
ABC: + balance 
ABC: + fraig_store 
ABC: + balance 
ABC: + rewrite 
ABC: + refactor 
ABC: + balance 
ABC: + rewrite 
ABC: + rewrite -z 
ABC: + balance 
ABC: + refactor -z 
ABC: + rewrite -z 
ABC: + balance 
ABC: + fraig_store 
ABC: + balance 
ABC: + rewrite 
ABC: + refactor 
ABC: + balance 
ABC: + rewrite 
ABC: + rewrite -z 
ABC: + balance 
ABC: + refactor -z 
ABC: + rewrite -z 
ABC: + balance 
ABC: + fraig_store 
ABC: + balance 
ABC: + rewrite 
ABC: + refactor 
ABC: + balance 
ABC: + rewrite 
ABC: + rewrite -z 
ABC: + balance 
ABC: + refactor -z 
ABC: + rewrite -z 
ABC: + balance 
ABC: + fraig_store 
ABC: + fraig_restore 
ABC: + amap -m -Q 0.1 -F 20 -A 20 -C 5000 
ABC: + retime -D -D 10000.0 
ABC: + &get -n 
ABC: + &st 
ABC: + &dch 
ABC: + &nf 
ABC: + &put 
ABC: + buffer -N 10 -S 750.0 
ABC: + upsize -D 10000.0 
ABC: Current delay (1900.04 ps) does not exceed the target delay (10000.00 ps). Upsizing is not performed.
ABC: + dnsize -D 10000.0 
ABC: + stime -p 
ABC: WireLoad = "none"  Gates =    246 ( 43.1 %)   Cap = 16.1 ff (  7.5 %)   Area =     1709.14 ( 56.9 %)   Delay =  2384.50 ps  ( 10.6 %)               
ABC: Path  0 --      46 : 0    4 pi                       A =   0.00  Df =  41.2  -23.0 ps  S =  62.7 ps  Cin =  0.0 ff  Cout =  12.2 ff  Cmax =   0.0 ff  G =    0  
ABC: Path  1 --     157 : 1   10 sky130_fd_sc_hd__buf_1   A =   3.75  Df = 344.7 -141.4 ps  S = 359.6 ps  Cin =  2.1 ff  Cout =  30.2 ff  Cmax = 130.0 ff  G = 1364  
ABC: Path  2 --     158 : 2    2 sky130_fd_sc_hd__and2b_2 A =   8.76  Df = 619.4 -147.8 ps  S =  55.7 ps  Cin =  1.6 ff  Cout =   7.2 ff  Cmax = 310.4 ff  G =  426  
ABC: Path  3 --     160 : 3    7 sky130_fd_sc_hd__nor3_2  A =  10.01  Df = 844.7 -257.5 ps  S = 231.1 ps  Cin =  4.4 ff  Cout =  10.5 ff  Cmax =  92.5 ff  G =  235  
ABC: Path  4 --     177 : 3    1 sky130_fd_sc_hd__and3_2  A =   7.51  Df =1053.8 -109.8 ps  S =  41.6 ps  Cin =  1.5 ff  Cout =   2.2 ff  Cmax = 309.5 ff  G =  141  
ABC: Path  5 --     178 : 1   10 sky130_fd_sc_hd__buf_1   A =   3.75  Df =1294.3 -189.6 ps  S = 278.2 ps  Cin =  2.1 ff  Cout =  23.1 ff  Cmax = 130.0 ff  G = 1037  
ABC: Path  6 --     179 : 2    1 sky130_fd_sc_hd__and2_2  A =   7.51  Df =1480.1 -161.3 ps  S =  37.7 ps  Cin =  1.5 ff  Cout =   2.2 ff  Cmax = 303.0 ff  G =  143  
ABC: Path  7 --     180 : 1    8 sky130_fd_sc_hd__buf_1   A =   3.75  Df =1748.4 -252.3 ps  S = 320.5 ps  Cin =  2.1 ff  Cout =  26.8 ff  Cmax = 130.0 ff  G = 1223  
ABC: Path  8 --     181 : 3    1 sky130_fd_sc_hd__mux2_2  A =  11.26  Df =2064.2 -227.0 ps  S =  45.6 ps  Cin =  2.3 ff  Cout =   2.2 ff  Cmax = 297.6 ff  G =   92  
ABC: Path  9 --     182 : 1    1 sky130_fd_sc_hd__buf_1   A =   3.75  Df =2384.5 -328.4 ps  S = 396.4 ps  Cin =  2.1 ff  Cout =  33.4 ff  Cmax = 130.0 ff  G = 1590  
ABC: Start-point = pi45 (\raven_spi.U1.state [2]).  End-point = po2 ($auto$rtlil.cc:2607:MuxGate$1790).
ABC: + print_stats -m 
ABC: netlist                       : i/o =   55/  101  lat =    0  nd =   246  edge =    532  area =1708.92  delay = 9.00  lev = 9
ABC: + write_blif /tmp/yosys-abc-yWHmhr/output.blif 

56.1.2. Re-integrating ABC results.
ABC RESULTS:   sky130_fd_sc_hd__nor3_2 cells:        2
ABC RESULTS:   sky130_fd_sc_hd__o31a_2 cells:        1
ABC RESULTS:   sky130_fd_sc_hd__xnor2_2 cells:        1
ABC RESULTS:   sky130_fd_sc_hd__or4_2 cells:        1
ABC RESULTS:   sky130_fd_sc_hd__or3b_2 cells:        1
ABC RESULTS:   sky130_fd_sc_hd__o221a_2 cells:        1
ABC RESULTS:   sky130_fd_sc_hd__xor2_2 cells:        1
ABC RESULTS:   sky130_fd_sc_hd__o21ai_2 cells:        2
ABC RESULTS:   sky130_fd_sc_hd__a21oi_2 cells:        2
ABC RESULTS:   sky130_fd_sc_hd__o32a_2 cells:        1
ABC RESULTS:   sky130_fd_sc_hd__or2_2 cells:        3
ABC RESULTS:   sky130_fd_sc_hd__o211a_2 cells:        2
ABC RESULTS:   sky130_fd_sc_hd__nand2_2 cells:       12
ABC RESULTS:   sky130_fd_sc_hd__nor2_2 cells:       10
ABC RESULTS:   sky130_fd_sc_hd__or3_2 cells:        2
ABC RESULTS:   sky130_fd_sc_hd__and2_2 cells:        7
ABC RESULTS:   sky130_fd_sc_hd__a31o_2 cells:        3
ABC RESULTS:   sky130_fd_sc_hd__o22a_2 cells:        4
ABC RESULTS:   sky130_fd_sc_hd__and3_2 cells:        7
ABC RESULTS:   sky130_fd_sc_hd__a221o_2 cells:        6
ABC RESULTS:   sky130_fd_sc_hd__o21a_2 cells:        4
ABC RESULTS:   sky130_fd_sc_hd__and2b_2 cells:        4
ABC RESULTS:   sky130_fd_sc_hd__and4_2 cells:        5
ABC RESULTS:   sky130_fd_sc_hd__a311oi_2 cells:        1
ABC RESULTS:   sky130_fd_sc_hd__a21o_2 cells:        5
ABC RESULTS:   sky130_fd_sc_hd__o21ba_2 cells:        1
ABC RESULTS:   sky130_fd_sc_hd__a211o_2 cells:        4
ABC RESULTS:   sky130_fd_sc_hd__a2bb2o_2 cells:        1
ABC RESULTS:   sky130_fd_sc_hd__or2b_2 cells:        3
ABC RESULTS:   sky130_fd_sc_hd__a22o_2 cells:        7
ABC RESULTS:   sky130_fd_sc_hd__mux2_2 cells:       35
ABC RESULTS:   sky130_fd_sc_hd__o22ai_2 cells:        1
ABC RESULTS:   sky130_fd_sc_hd__buf_1 cells:       41
ABC RESULTS:   sky130_fd_sc_hd__inv_2 cells:       65
ABC RESULTS:        internal signals:      200
ABC RESULTS:           input signals:       55
ABC RESULTS:          output signals:      101
Removing temp directory.

57. Executing SETUNDEF pass (replace undef values with defined constants).

58. Executing HILOMAP pass (mapping to constant drivers).

59. Executing SPLITNETS pass (splitting up multi-bit signals).

60. Executing OPT_CLEAN pass (remove unused cells and wires).
Finding unused cells or wires in module \design_mux..
Removed 0 unused cells and 361 unused wires.
<suppressed ~3 debug messages>

61. Executing INSBUF pass (insert buffer cells for connected wires).

62. Executing CHECK pass (checking for obvious problems).
Checking module design_mux...
Warning: Wire design_mux.\raven_spi.reset is used but has no driver.
Warning: Wire design_mux.\raven_spi.SDO is used but has no driver.
Found and reported 2 problems.

63. Printing statistics.

=== design_mux ===

   Number of wires:                300
   Number of wire bits:            303
   Number of public wires:          54
   Number of public wire bits:      57
   Number of memories:               0
   Number of memory bits:            0
   Number of processes:              0
   Number of cells:                293
     AMUX2_3V                        1
     sky130_fd_sc_hd__a211o_2        4
     sky130_fd_sc_hd__a21o_2         5
     sky130_fd_sc_hd__a21oi_2        2
     sky130_fd_sc_hd__a221o_2        6
     sky130_fd_sc_hd__a22o_2         7
     sky130_fd_sc_hd__a2bb2o_2       1
     sky130_fd_sc_hd__a311oi_2       1
     sky130_fd_sc_hd__a31o_2         3
     sky130_fd_sc_hd__and2_2         7
     sky130_fd_sc_hd__and2b_2        4
     sky130_fd_sc_hd__and3_2         7
     sky130_fd_sc_hd__and4_2         5
     sky130_fd_sc_hd__buf_1         41
     sky130_fd_sc_hd__dfrtp_2       41
     sky130_fd_sc_hd__dfstp_2        5
     sky130_fd_sc_hd__inv_2         65
     sky130_fd_sc_hd__mux2_2        35
     sky130_fd_sc_hd__nand2_2       12
     sky130_fd_sc_hd__nor2_2        10
     sky130_fd_sc_hd__nor3_2         2
     sky130_fd_sc_hd__o211a_2        2
     sky130_fd_sc_hd__o21a_2         4
     sky130_fd_sc_hd__o21ai_2        2
     sky130_fd_sc_hd__o21ba_2        1
     sky130_fd_sc_hd__o221a_2        1
     sky130_fd_sc_hd__o22a_2         4
     sky130_fd_sc_hd__o22ai_2        1
     sky130_fd_sc_hd__o31a_2         1
     sky130_fd_sc_hd__o32a_2         1
     sky130_fd_sc_hd__or2_2          3
     sky130_fd_sc_hd__or2b_2         3
     sky130_fd_sc_hd__or3_2          2
     sky130_fd_sc_hd__or3b_2         1
     sky130_fd_sc_hd__or4_2          1
     sky130_fd_sc_hd__xnor2_2        1
     sky130_fd_sc_hd__xor2_2         1

   Area for cell type \AMUX2_3V is unknown!

   Chip area for module '\design_mux': 2917.798400

64. Executing Verilog backend.
Dumping module `\design_mux'.

Warnings: 2 unique messages, 2 total
End of script. Logfile hash: 451690bfce, CPU: user 0.65s system 0.27s, MEM: 29.77 MB peak
Yosys 0.30+48 (git sha1 14d50a176d5, gcc 8.3.1 -fPIC -Os)
Time spent: 46% 2x abc (0 sec), 11% 1x dfflibmap (0 sec), ...
