OpenROAD 41a51eaf4ca2171c92ff38afb91eb37bbd3f36da 
This program is licensed under the BSD-3 license. See the LICENSE file for details.
Components of this program may be licensed under more restrictive licenses which must be honored.
[INFO]: Reading ODB at '/openlane/designs/design_mux/runs/RUN_2026.07.05_03.37.10/tmp/placement/8-global.odb'…
define_corners Slowest Typical Fastest
read_liberty -corner Slowest /home/indhu/Desktop/mixed_signal_VLSI/pdks/sky130A/libs.ref/sky130_fd_sc_hd/lib/sky130_fd_sc_hd__ss_100C_1v60.lib
read_liberty -corner Slowest /openlane/designs/design_mux/lib/AMUX2_3V.lib
read_liberty -corner Typical /home/indhu/Desktop/mixed_signal_VLSI/pdks/sky130A/libs.ref/sky130_fd_sc_hd/lib/sky130_fd_sc_hd__tt_025C_1v80.lib
read_liberty -corner Typical /openlane/designs/design_mux/lib/AMUX2_3V.lib
[WARNING STA-0053] /openlane/designs/design_mux/lib/AMUX2_3V.lib line 1, library AMUX2_3V already exists.
read_liberty -corner Fastest /home/indhu/Desktop/mixed_signal_VLSI/pdks/sky130A/libs.ref/sky130_fd_sc_hd/lib/sky130_fd_sc_hd__ff_n40C_1v95.lib
read_liberty -corner Fastest /openlane/designs/design_mux/lib/AMUX2_3V.lib
[WARNING STA-0053] /openlane/designs/design_mux/lib/AMUX2_3V.lib line 1, library AMUX2_3V already exists.
Using 1e-12 for capacitance...
Using 1e+03 for resistance...
Using 1e-09 for time...
Using 1e+00 for voltage...
Using 1e-03 for current...
Using 1e-09 for power...
Using 1e-06 for distance...
Reading design constraints file at '/openlane/designs/design_mux/runs/RUN_2026.07.05_03.37.10/tmp/floorplan/3-initial_fp.sdc'…
[INFO]: Setting RC values...
[INFO RSZ-0027] Inserted 9 input buffers.
[INFO RSZ-0028] Inserted 1 output buffers.
[INFO RSZ-0058] Using max wire length 4508um.
[INFO RSZ-0035] Found 1 fanout violations.
[INFO RSZ-0038] Inserted 6 buffers in 1 nets.
[INFO RSZ-0039] Resized 234 instances.
Placement Analysis
---------------------------------
total displacement        644.7 u
average displacement        1.4 u
max displacement           18.9 u
original HPWL            4256.4 u
legalized HPWL           4806.4 u
delta HPWL                   13 %

[INFO DPL-0020] Mirrored 102 instances
[INFO DPL-0021] HPWL before            4806.4 u
[INFO DPL-0022] HPWL after             4693.3 u
[INFO DPL-0023] HPWL delta               -2.4 %
Setting global connections for newly added cells…
Writing OpenROAD database to '/openlane/designs/design_mux/runs/RUN_2026.07.05_03.37.10/tmp/placement/10-resizer.odb'…
Writing netlist to '/openlane/designs/design_mux/runs/RUN_2026.07.05_03.37.10/tmp/placement/10-resizer.nl.v'…
Writing powered netlist to '/openlane/designs/design_mux/runs/RUN_2026.07.05_03.37.10/tmp/placement/10-resizer.pnl.v'…
Writing layout to '/openlane/designs/design_mux/runs/RUN_2026.07.05_03.37.10/tmp/placement/10-resizer.def'…
Writing timing constraints to '/openlane/designs/design_mux/runs/RUN_2026.07.05_03.37.10/tmp/placement/10-resizer.sdc'…
area_report

===========================================================================
report_design_area
============================================================================
Design area 2961 u^2 44% utilization.
area_report_end
