OpenROAD 41a51eaf4ca2171c92ff38afb91eb37bbd3f36da 
This program is licensed under the BSD-3 license. See the LICENSE file for details.
Components of this program may be licensed under more restrictive licenses which must be honored.
[INFO]: Reading ODB at '/openlane/designs/design_mux/runs/RUN_2026.07.05_03.37.10/tmp/placement/10-resizer.odb'…
define_corners Typical
read_liberty -corner Typical /home/indhu/Desktop/mixed_signal_VLSI/pdks/sky130A/libs.ref/sky130_fd_sc_hd/lib/sky130_fd_sc_hd__tt_025C_1v80.lib
read_liberty -corner Typical /openlane/designs/design_mux/lib/AMUX2_3V.lib
Using 1e-12 for capacitance...
Using 1e+03 for resistance...
Using 1e-09 for time...
Using 1e+00 for voltage...
Using 1e-03 for current...
Using 1e-09 for power...
Using 1e-06 for distance...
Reading design constraints file at '/openlane/designs/design_mux/runs/RUN_2026.07.05_03.37.10/tmp/placement/10-resizer.sdc'…
Placement Analysis
---------------------------------
total displacement          0.0 u
average displacement        0.0 u
max displacement            0.0 u
original HPWL            4693.3 u
legalized HPWL           4806.4 u
delta HPWL                    2 %

[INFO DPL-0020] Mirrored 102 instances
[INFO DPL-0021] HPWL before            4806.4 u
[INFO DPL-0022] HPWL after             4693.3 u
[INFO DPL-0023] HPWL delta               -2.4 %
Setting global connections for newly added cells…
Writing OpenROAD database to '/openlane/designs/design_mux/runs/RUN_2026.07.05_03.37.10/results/placement/design_mux.odb'…
Writing netlist to '/openlane/designs/design_mux/runs/RUN_2026.07.05_03.37.10/results/placement/design_mux.nl.v'…
Writing powered netlist to '/openlane/designs/design_mux/runs/RUN_2026.07.05_03.37.10/results/placement/design_mux.pnl.v'…
Writing layout to '/openlane/designs/design_mux/runs/RUN_2026.07.05_03.37.10/results/placement/design_mux.def'…
