OpenROAD 41a51eaf4ca2171c92ff38afb91eb37bbd3f36da 
This program is licensed under the BSD-3 license. See the LICENSE file for details.
Components of this program may be licensed under more restrictive licenses which must be honored.
[INFO]: Reading ODB at '/openlane/designs/design_mux/runs/RUN_2026.07.05_03.37.10/tmp/floorplan/4-io.macro_placement.odb'…
define_corners Typical
read_liberty -corner Typical /home/indhu/Desktop/mixed_signal_VLSI/pdks/sky130A/libs.ref/sky130_fd_sc_hd/lib/sky130_fd_sc_hd__tt_025C_1v80.lib
read_liberty -corner Typical /openlane/designs/design_mux/lib/AMUX2_3V.lib
Using 1e-12 for capacitance...
Using 1e+03 for resistance...
Using 1e-09 for time...
Using 1e+00 for voltage...
Using 1e-03 for current...
Using 1e-09 for power...
Using 1e-06 for distance...
Reading design constraints file at '/openlane/designs/design_mux/runs/RUN_2026.07.05_03.37.10/tmp/floorplan/3-initial_fp.sdc'…
[INFO ODB-0303] The initial 28 rows (5404 sites) were cut with 1 shapes for a total of 28 rows (5176 sites).
[INFO TAP-0004] Inserted 56 endcaps.
[INFO TAP-0005] Inserted 89 tapcells.
Writing OpenROAD database to '/openlane/designs/design_mux/runs/RUN_2026.07.05_03.37.10/tmp/floorplan/6-tapcell.odb'…
Writing layout to '/openlane/designs/design_mux/runs/RUN_2026.07.05_03.37.10/tmp/floorplan/6-tapcell.def'…
