OpenROAD 41a51eaf4ca2171c92ff38afb91eb37bbd3f36da 
This program is licensed under the BSD-3 license. See the LICENSE file for details.
Components of this program may be licensed under more restrictive licenses which must be honored.
[INFO]: Reading ODB at '/openlane/designs/design_mux/runs/RUN_2026.07.05_03.37.10/tmp/routing/22-fill.odb'…
define_corners Typical
read_liberty -corner Typical /home/indhu/Desktop/mixed_signal_VLSI/pdks/sky130A/libs.ref/sky130_fd_sc_hd/lib/sky130_fd_sc_hd__tt_025C_1v80.lib
read_liberty -corner Typical /openlane/designs/design_mux/lib/AMUX2_3V.lib
Using 1e-12 for capacitance...
Using 1e+03 for resistance...
Using 1e-09 for time...
Using 1e+00 for voltage...
Using 1e-03 for current...
Using 1e-09 for power...
Using 1e-06 for distance...
Reading design constraints file at '/openlane/designs/design_mux/runs/RUN_2026.07.05_03.37.10/tmp/17-design_mux.sdc'…
[INFO ORD-0030] Using 2 thread(s).
[INFO DRT-0149] Reading tech and libs.

Units:                1000
Number of layers:     13
Number of macros:     442
Number of vias:       25
Number of viarulegen: 25

[INFO DRT-0150] Reading design.

Design:                   design_mux
Die area:                 ( 0 0 ) ( 100000 100000 )
Number of track patterns: 12
Number of DEF vias:       0
Number of components:     919
Number of terminals:      15
Number of snets:          4
Number of nets:           319

[INFO DRT-0167] List of default vias:
  Layer mcon
    default via: L1M1_PR
  Layer via
    default via: M1M2_PR
  Layer via2
    default via: M2M3_PR
  Layer via3
    default via: M3M4_PR
  Layer via4
    default via: M4M5_PR
[INFO DRT-0162] Library cell analysis.
[INFO DRT-0163] Instance analysis.
[INFO DRT-0164] Number of unique instances = 115.
[INFO DRT-0168] Init region query.
[INFO DRT-0024]   Complete FR_MASTERSLICE.
[INFO DRT-0024]   Complete licon.
[INFO DRT-0024]   Complete li1.
[INFO DRT-0024]   Complete mcon.
[INFO DRT-0024]   Complete met1.
[INFO DRT-0024]   Complete via.
[INFO DRT-0024]   Complete met2.
[INFO DRT-0024]   Complete via2.
[INFO DRT-0024]   Complete met3.
[INFO DRT-0024]   Complete via3.
[INFO DRT-0024]   Complete met4.
[INFO DRT-0024]   Complete via4.
[INFO DRT-0024]   Complete met5.
[INFO DRT-0033] FR_MASTERSLICE shape region query size = 0.
[INFO DRT-0033] licon shape region query size = 0.
[INFO DRT-0033] li1 shape region query size = 11464.
[INFO DRT-0033] mcon shape region query size = 3024.
[INFO DRT-0033] met1 shape region query size = 2969.
[INFO DRT-0033] via shape region query size = 840.
[INFO DRT-0033] met2 shape region query size = 510.
[INFO DRT-0033] via2 shape region query size = 672.
[INFO DRT-0033] met3 shape region query size = 509.
[INFO DRT-0033] via3 shape region query size = 672.
[INFO DRT-0033] met4 shape region query size = 330.
[INFO DRT-0033] via4 shape region query size = 116.
[INFO DRT-0033] met5 shape region query size = 156.
[INFO DRT-0165] Start pin access.
[INFO DRT-0076]   Complete 100 pins.
[INFO DRT-0076]   Complete 200 pins.
[INFO DRT-0076]   Complete 300 pins.
[INFO DRT-0078]   Complete 362 pins.
[INFO DRT-0081]   Complete 96 unique inst patterns.
[INFO DRT-0084]   Complete 209 groups.
#scanned instances     = 919
#unique  instances     = 115
#stdCellGenAp          = 2630
#stdCellValidPlanarAp  = 30
#stdCellValidViaAp     = 2080
#stdCellPinNoAp        = 0
#stdCellPinCnt         = 994
#instTermValidViaApCnt = 0
#macroGenAp            = 8
#macroValidPlanarAp    = 8
#macroValidViaAp       = 5
#macroNoAp             = 0
[INFO DRT-0166] Complete pin access.
[INFO DRT-0267] cpu time = 00:00:13, elapsed time = 00:00:06, memory = 116.33 (MB), peak = 115.69 (MB)

Number of guides:     2027

[INFO DRT-0169] Post process guides.
[INFO DRT-0176] GCELLGRID X 0 DO 14 STEP 6900 ;
[INFO DRT-0177] GCELLGRID Y 0 DO 14 STEP 6900 ;
[INFO DRT-0028]   Complete FR_MASTERSLICE.
[INFO DRT-0028]   Complete licon.
[INFO DRT-0028]   Complete li1.
[INFO DRT-0028]   Complete mcon.
[INFO DRT-0028]   Complete met1.
[INFO DRT-0028]   Complete via.
[INFO DRT-0028]   Complete met2.
[INFO DRT-0028]   Complete via2.
[INFO DRT-0028]   Complete met3.
[INFO DRT-0028]   Complete via3.
[INFO DRT-0028]   Complete met4.
[INFO DRT-0028]   Complete via4.
[INFO DRT-0028]   Complete met5.
[INFO DRT-0178] Init guide query.
[INFO DRT-0035]   Complete FR_MASTERSLICE (guide).
[INFO DRT-0035]   Complete licon (guide).
[INFO DRT-0035]   Complete li1 (guide).
[INFO DRT-0035]   Complete mcon (guide).
[INFO DRT-0035]   Complete met1 (guide).
[INFO DRT-0035]   Complete via (guide).
[INFO DRT-0035]   Complete met2 (guide).
[INFO DRT-0035]   Complete via2 (guide).
[INFO DRT-0035]   Complete met3 (guide).
[INFO DRT-0035]   Complete via3 (guide).
[INFO DRT-0035]   Complete met4 (guide).
[INFO DRT-0035]   Complete via4 (guide).
[INFO DRT-0035]   Complete met5 (guide).
[INFO DRT-0036] FR_MASTERSLICE guide region query size = 0.
[INFO DRT-0036] licon guide region query size = 0.
[INFO DRT-0036] li1 guide region query size = 743.
[INFO DRT-0036] mcon guide region query size = 0.
[INFO DRT-0036] met1 guide region query size = 546.
[INFO DRT-0036] via guide region query size = 0.
[INFO DRT-0036] met2 guide region query size = 259.
[INFO DRT-0036] via2 guide region query size = 0.
[INFO DRT-0036] met3 guide region query size = 5.
[INFO DRT-0036] via3 guide region query size = 0.
[INFO DRT-0036] met4 guide region query size = 0.
[INFO DRT-0036] via4 guide region query size = 0.
[INFO DRT-0036] met5 guide region query size = 0.
[INFO DRT-0179] Init gr pin query.
[INFO DRT-0245] skipped writing guide updates to database.
[INFO DRT-0185] Post process initialize RPin region query.
[INFO DRT-0181] Start track assignment.
[INFO DRT-0184] Done with 1002 vertical wires in 1 frboxes and 551 horizontal wires in 1 frboxes.
[INFO DRT-0186] Done with 102 vertical wires in 1 frboxes and 175 horizontal wires in 1 frboxes.
[INFO DRT-0182] Complete track assignment.
[INFO DRT-0267] cpu time = 00:00:00, elapsed time = 00:00:00, memory = 119.97 (MB), peak = 122.84 (MB)
[INFO DRT-0187] Start routing data preparation.
[INFO DRT-0267] cpu time = 00:00:00, elapsed time = 00:00:00, memory = 119.97 (MB), peak = 122.84 (MB)
[INFO DRT-0194] Start detail routing.
[INFO DRT-0195] Start 0th optimization iteration.
    Completing 10% with 0 violations.
    elapsed time = 00:00:00, memory = 136.89 (MB).
    Completing 20% with 15 violations.
    elapsed time = 00:00:01, memory = 138.68 (MB).
    Completing 30% with 23 violations.
    elapsed time = 00:00:03, memory = 145.09 (MB).
    Completing 40% with 41 violations.
    elapsed time = 00:00:04, memory = 141.90 (MB).
[INFO DRT-0199]   Number of violations = 115.
Viol/Layer        met1   met2
Metal Spacing       16      3
Recheck             45     11
Short               40      0
[INFO DRT-0267] cpu time = 00:00:06, elapsed time = 00:00:06, memory = 481.86 (MB), peak = 481.47 (MB)
Total wire length = 5907 um.
Total wire length on LAYER li1 = 0 um.
Total wire length on LAYER met1 = 3253 um.
Total wire length on LAYER met2 = 2608 um.
Total wire length on LAYER met3 = 45 um.
Total wire length on LAYER met4 = 0 um.
Total wire length on LAYER met5 = 0 um.
Total number of vias = 1881.
Up-via summary (total 1881):.

-----------------------
 FR_MASTERSLICE       0
            li1     948
           met1     926
           met2       7
           met3       0
           met4       0
-----------------------
                   1881


[INFO DRT-0195] Start 1st optimization iteration.
    Completing 10% with 115 violations.
    elapsed time = 00:00:00, memory = 482.98 (MB).
    Completing 20% with 115 violations.
    elapsed time = 00:00:00, memory = 486.23 (MB).
    Completing 30% with 115 violations.
    elapsed time = 00:00:00, memory = 486.32 (MB).
    Completing 40% with 115 violations.
    elapsed time = 00:00:00, memory = 486.32 (MB).
    Completing 50% with 117 violations.
    elapsed time = 00:00:00, memory = 498.15 (MB).
    Completing 60% with 117 violations.
    elapsed time = 00:00:01, memory = 503.18 (MB).
    Completing 70% with 111 violations.
    elapsed time = 00:00:01, memory = 481.61 (MB).
    Completing 80% with 111 violations.
    elapsed time = 00:00:02, memory = 505.59 (MB).
    Completing 90% with 89 violations.
    elapsed time = 00:00:04, memory = 515.58 (MB).
    Completing 100% with 55 violations.
    elapsed time = 00:00:04, memory = 481.80 (MB).
[INFO DRT-0199]   Number of violations = 55.
Viol/Layer        met1   met2   met3
Metal Spacing       13      3      1
Short               38      0      0
[INFO DRT-0267] cpu time = 00:00:05, elapsed time = 00:00:04, memory = 481.89 (MB), peak = 526.86 (MB)
Total wire length = 5842 um.
Total wire length on LAYER li1 = 0 um.
Total wire length on LAYER met1 = 3237 um.
Total wire length on LAYER met2 = 2588 um.
Total wire length on LAYER met3 = 16 um.
Total wire length on LAYER met4 = 0 um.
Total wire length on LAYER met5 = 0 um.
Total number of vias = 1869.
Up-via summary (total 1869):.

-----------------------
 FR_MASTERSLICE       0
            li1     948
           met1     913
           met2       8
           met3       0
           met4       0
-----------------------
                   1869


[INFO DRT-0195] Start 2nd optimization iteration.
    Completing 10% with 55 violations.
    elapsed time = 00:00:00, memory = 481.89 (MB).
    Completing 20% with 55 violations.
    elapsed time = 00:00:00, memory = 481.89 (MB).
    Completing 30% with 55 violations.
    elapsed time = 00:00:00, memory = 481.89 (MB).
    Completing 40% with 55 violations.
    elapsed time = 00:00:00, memory = 481.89 (MB).
    Completing 50% with 52 violations.
    elapsed time = 00:00:00, memory = 481.89 (MB).
    Completing 60% with 52 violations.
    elapsed time = 00:00:01, memory = 481.89 (MB).
    Completing 70% with 46 violations.
    elapsed time = 00:00:01, memory = 481.89 (MB).
    Completing 80% with 46 violations.
    elapsed time = 00:00:02, memory = 481.89 (MB).
    Completing 90% with 49 violations.
    elapsed time = 00:00:04, memory = 481.89 (MB).
    Completing 100% with 33 violations.
    elapsed time = 00:00:04, memory = 481.89 (MB).
[INFO DRT-0199]   Number of violations = 33.
Viol/Layer        met1   met2
Metal Spacing       13      1
Short               19      0
[INFO DRT-0267] cpu time = 00:00:04, elapsed time = 00:00:04, memory = 484.85 (MB), peak = 526.86 (MB)
Total wire length = 5775 um.
Total wire length on LAYER li1 = 0 um.
Total wire length on LAYER met1 = 3264 um.
Total wire length on LAYER met2 = 2498 um.
Total wire length on LAYER met3 = 12 um.
Total wire length on LAYER met4 = 0 um.
Total wire length on LAYER met5 = 0 um.
Total number of vias = 1866.
Up-via summary (total 1866):.

-----------------------
 FR_MASTERSLICE       0
            li1     948
           met1     913
           met2       5
           met3       0
           met4       0
-----------------------
                   1866


[INFO DRT-0195] Start 3rd optimization iteration.
    Completing 10% with 33 violations.
    elapsed time = 00:00:00, memory = 484.85 (MB).
    Completing 20% with 30 violations.
    elapsed time = 00:00:00, memory = 484.85 (MB).
    Completing 30% with 23 violations.
    elapsed time = 00:00:04, memory = 484.85 (MB).
    Completing 40% with 8 violations.
    elapsed time = 00:00:05, memory = 484.85 (MB).
[INFO DRT-0199]   Number of violations = 0.
[INFO DRT-0267] cpu time = 00:00:05, elapsed time = 00:00:05, memory = 484.85 (MB), peak = 526.86 (MB)
Total wire length = 5767 um.
Total wire length on LAYER li1 = 0 um.
Total wire length on LAYER met1 = 3221 um.
Total wire length on LAYER met2 = 2524 um.
Total wire length on LAYER met3 = 22 um.
Total wire length on LAYER met4 = 0 um.
Total wire length on LAYER met5 = 0 um.
Total number of vias = 1885.
Up-via summary (total 1885):.

-----------------------
 FR_MASTERSLICE       0
            li1     948
           met1     928
           met2       9
           met3       0
           met4       0
-----------------------
                   1885


[INFO DRT-0198] Complete detail routing.
Total wire length = 5767 um.
Total wire length on LAYER li1 = 0 um.
Total wire length on LAYER met1 = 3221 um.
Total wire length on LAYER met2 = 2524 um.
Total wire length on LAYER met3 = 22 um.
Total wire length on LAYER met4 = 0 um.
Total wire length on LAYER met5 = 0 um.
Total number of vias = 1885.
Up-via summary (total 1885):.

-----------------------
 FR_MASTERSLICE       0
            li1     948
           met1     928
           met2       9
           met3       0
           met4       0
-----------------------
                   1885


[INFO DRT-0267] cpu time = 00:00:22, elapsed time = 00:00:21, memory = 484.85 (MB), peak = 526.86 (MB)

[INFO DRT-0180] Post processing.
Setting global connections for newly added cells…
Writing OpenROAD database to '/openlane/designs/design_mux/runs/RUN_2026.07.05_03.37.10/results/routing/design_mux.odb'…
Writing netlist to '/openlane/designs/design_mux/runs/RUN_2026.07.05_03.37.10/results/routing/design_mux.nl.v'…
Writing powered netlist to '/openlane/designs/design_mux/runs/RUN_2026.07.05_03.37.10/results/routing/design_mux.pnl.v'…
Writing layout to '/openlane/designs/design_mux/runs/RUN_2026.07.05_03.37.10/results/routing/design_mux.def'…
